
  .   ____          _            __ _ _
 /\\ / ___'_ __ _ _(_)_ __  __ _ \ \ \ \
( ( )\___ | '_ | '_| | '_ \/ _` | \ \ \ \
 \\/  ___)| |_)| | | | | || (_| |  ) ) ) )
  '  |____| .__|_| |_|_| |_\__, | / / / /
 =========|_|==============|___/=/_/_/_/
 :: Spring Boot ::                (v3.2.3)

2026-06-18T00:15:28.686+05:30  INFO 14516 --- [api-gateway] [           main] c.c.gateway.CineverseGatewayApplication  : Starting CineverseGatewayApplication v0.0.1-SNAPSHOT using Java 25.0.2 with PID 14516 (C:\Users\DELL\Desktop\Cineverse\backend\api-gateway\target\api-gateway-0.0.1-SNAPSHOT.jar started by DELL in C:\Users\DELL\Desktop\Cineverse\backend)
2026-06-18T00:15:28.710+05:30  INFO 14516 --- [api-gateway] [           main] c.c.gateway.CineverseGatewayApplication  : No active profile set, falling back to 1 default profile: "default"
2026-06-18T00:15:38.009+05:30  INFO 14516 --- [api-gateway] [           main] o.s.cloud.context.scope.GenericScope     : BeanFactory id=4a1e1e39-f24f-369f-9351-f97a0e2e730b
2026-06-18T00:15:41.934+05:30  INFO 14516 --- [api-gateway] [           main] o.s.c.g.r.RouteDefinitionRouteLocator    : Loaded RoutePredicateFactory [After]
2026-06-18T00:15:41.936+05:30  INFO 14516 --- [api-gateway] [           main] o.s.c.g.r.RouteDefinitionRouteLocator    : Loaded RoutePredicateFactory [Before]
2026-06-18T00:15:41.938+05:30  INFO 14516 --- [api-gateway] [           main] o.s.c.g.r.RouteDefinitionRouteLocator    : Loaded RoutePredicateFactory [Between]
2026-06-18T00:15:41.938+05:30  INFO 14516 --- [api-gateway] [           main] o.s.c.g.r.RouteDefinitionRouteLocator    : Loaded RoutePredicateFactory [Cookie]
2026-06-18T00:15:41.939+05:30  INFO 14516 --- [api-gateway] [           main] o.s.c.g.r.RouteDefinitionRouteLocator    : Loaded RoutePredicateFactory [Header]
2026-06-18T00:15:41.939+05:30  INFO 14516 --- [api-gateway] [           main] o.s.c.g.r.RouteDefinitionRouteLocator    : Loaded RoutePredicateFactory [Host]
2026-06-18T00:15:41.939+05:30  INFO 14516 --- [api-gateway] [           main] o.s.c.g.r.RouteDefinitionRouteLocator    : Loaded RoutePredicateFactory [Method]
2026-06-18T00:15:41.940+05:30  INFO 14516 --- [api-gateway] [           main] o.s.c.g.r.RouteDefinitionRouteLocator    : Loaded RoutePredicateFactory [Path]
2026-06-18T00:15:41.940+05:30  INFO 14516 --- [api-gateway] [           main] o.s.c.g.r.RouteDefinitionRouteLocator    : Loaded RoutePredicateFactory [Query]
2026-06-18T00:15:41.941+05:30  INFO 14516 --- [api-gateway] [           main] o.s.c.g.r.RouteDefinitionRouteLocator    : Loaded RoutePredicateFactory [ReadBody]
2026-06-18T00:15:41.941+05:30  INFO 14516 --- [api-gateway] [           main] o.s.c.g.r.RouteDefinitionRouteLocator    : Loaded RoutePredicateFactory [RemoteAddr]
2026-06-18T00:15:41.942+05:30  INFO 14516 --- [api-gateway] [           main] o.s.c.g.r.RouteDefinitionRouteLocator    : Loaded RoutePredicateFactory [XForwardedRemoteAddr]
2026-06-18T00:15:41.942+05:30  INFO 14516 --- [api-gateway] [           main] o.s.c.g.r.RouteDefinitionRouteLocator    : Loaded RoutePredicateFactory [Weight]
2026-06-18T00:15:41.944+05:30  INFO 14516 --- [api-gateway] [           main] o.s.c.g.r.RouteDefinitionRouteLocator    : Loaded RoutePredicateFactory [CloudFoundryRouteService]
2026-06-18T00:15:43.044+05:30  INFO 14516 --- [api-gateway] [           main] o.s.b.web.embedded.netty.NettyWebServer  : Netty started on port 8080
2026-06-18T00:15:43.308+05:30  INFO 14516 --- [api-gateway] [           main] c.c.gateway.CineverseGatewayApplication  : Started CineverseGatewayApplication in 22.011 seconds (process running for 27.604)
