
  .   ____          _            __ _ _
 /\\ / ___'_ __ _ _(_)_ __  __ _ \ \ \ \
( ( )\___ | '_ | '_| | '_ \/ _` | \ \ \ \
 \\/  ___)| |_)| | | | | || (_| |  ) ) ) )
  '  |____| .__|_| |_|_| |_\__, | / / / /
 =========|_|==============|___/=/_/_/_/
 :: Spring Boot ::                (v3.2.3)

2026-06-18T00:15:00.910+05:30  INFO 4616 --- [auth-service] [           main] c.c.auth.CineverseAuthApplication        : Starting CineverseAuthApplication v0.0.1-SNAPSHOT using Java 25.0.2 with PID 4616 (C:\Users\DELL\Desktop\Cineverse\backend\auth-service\target\auth-service-0.0.1-SNAPSHOT.jar started by DELL in C:\Users\DELL\Desktop\Cineverse\backend)
2026-06-18T00:15:00.915+05:30  INFO 4616 --- [auth-service] [           main] c.c.auth.CineverseAuthApplication        : No active profile set, falling back to 1 default profile: "default"
2026-06-18T00:15:02.958+05:30  INFO 4616 --- [auth-service] [           main] .s.d.r.c.RepositoryConfigurationDelegate : Bootstrapping Spring Data JPA repositories in DEFAULT mode.
2026-06-18T00:15:03.094+05:30  INFO 4616 --- [auth-service] [           main] .s.d.r.c.RepositoryConfigurationDelegate : Finished Spring Data repository scanning in 119 ms. Found 1 JPA repository interface.
2026-06-18T00:15:06.015+05:30  INFO 4616 --- [auth-service] [           main] o.s.b.w.embedded.tomcat.TomcatWebServer  : Tomcat initialized with port 8081 (http)
2026-06-18T00:15:06.053+05:30  INFO 4616 --- [auth-service] [           main] o.apache.catalina.core.StandardService   : Starting service [Tomcat]
2026-06-18T00:15:06.056+05:30  INFO 4616 --- [auth-service] [           main] o.apache.catalina.core.StandardEngine    : Starting Servlet engine: [Apache Tomcat/10.1.19]
2026-06-18T00:15:06.146+05:30  INFO 4616 --- [auth-service] [           main] o.a.c.c.C.[Tomcat].[localhost].[/]       : Initializing Spring embedded WebApplicationContext
2026-06-18T00:15:06.148+05:30  INFO 4616 --- [auth-service] [           main] w.s.c.ServletWebServerApplicationContext : Root WebApplicationContext: initialization completed in 5063 ms
2026-06-18T00:15:06.915+05:30  INFO 4616 --- [auth-service] [           main] o.hibernate.jpa.internal.util.LogHelper  : HHH000204: Processing PersistenceUnitInfo [name: default]
2026-06-18T00:15:07.283+05:30  INFO 4616 --- [auth-service] [           main] org.hibernate.Version                    : HHH000412: Hibernate ORM core version 6.4.4.Final
2026-06-18T00:15:07.531+05:30  INFO 4616 --- [auth-service] [           main] o.h.c.internal.RegionFactoryInitiator    : HHH000026: Second-level cache disabled
2026-06-18T00:15:09.484+05:30  INFO 4616 --- [auth-service] [           main] o.s.o.j.p.SpringPersistenceUnitInfo      : No LoadTimeWeaver setup: ignoring JPA class transformer
2026-06-18T00:15:09.708+05:30  INFO 4616 --- [auth-service] [           main] com.zaxxer.hikari.HikariDataSource       : HikariPool-1 - Starting...
2026-06-18T00:15:14.318+05:30  INFO 4616 --- [auth-service] [           main] com.zaxxer.hikari.pool.HikariPool        : HikariPool-1 - Added connection org.postgresql.jdbc.PgConnection@1ffd0114
2026-06-18T00:15:14.322+05:30  INFO 4616 --- [auth-service] [           main] com.zaxxer.hikari.HikariDataSource       : HikariPool-1 - Start completed.
2026-06-18T00:15:15.052+05:30  WARN 4616 --- [auth-service] [           main] org.hibernate.orm.deprecation            : HHH90000025: PostgreSQLDialect does not need to be specified explicitly using 'hibernate.dialect' (remove the property setting and it will be selected by default)
2026-06-18T00:15:21.067+05:30  INFO 4616 --- [auth-service] [           main] o.h.e.t.j.p.i.JtaPlatformInitiator       : HHH000489: No JTA platform available (set 'hibernate.transaction.jta.platform' to enable JTA platform integration)
2026-06-18T00:15:22.353+05:30  INFO 4616 --- [auth-service] [           main] j.LocalContainerEntityManagerFactoryBean : Initialized JPA EntityManagerFactory for persistence unit 'default'
2026-06-18T00:15:25.248+05:30  WARN 4616 --- [auth-service] [           main] JpaBaseConfiguration$JpaWebConfiguration : spring.jpa.open-in-view is enabled by default. Therefore, database queries may be performed during view rendering. Explicitly configure spring.jpa.open-in-view to disable this warning
2026-06-18T00:15:36.397+05:30  INFO 4616 --- [auth-service] [           main] o.s.s.web.DefaultSecurityFilterChain     : Will secure any request with [org.springframework.security.web.session.DisableEncodeUrlFilter@66b62332, org.springframework.security.web.context.request.async.WebAsyncManagerIntegrationFilter@1822a61b, org.springframework.security.web.context.SecurityContextHolderFilter@7097ead6, org.springframework.security.web.header.HeaderWriterFilter@5dc1597f, org.springframework.security.web.authentication.logout.LogoutFilter@4a9f0360, com.cineverse.auth.security.JwtFilter@4d91d2da, org.springframework.security.web.savedrequest.RequestCacheAwareFilter@21dd91da, org.springframework.security.web.servletapi.SecurityContextHolderAwareRequestFilter@1f251bf1, org.springframework.security.web.authentication.AnonymousAuthenticationFilter@240f712e, org.springframework.security.web.session.SessionManagementFilter@47cf65f1, org.springframework.security.web.access.ExceptionTranslationFilter@5315210d, org.springframework.security.web.access.intercept.AuthorizationFilter@4af6839c]
2026-06-18T00:15:37.812+05:30  INFO 4616 --- [auth-service] [           main] o.s.b.w.embedded.tomcat.TomcatWebServer  : Tomcat started on port 8081 (http) with context path ''
2026-06-18T00:15:37.831+05:30  INFO 4616 --- [auth-service] [           main] c.c.auth.CineverseAuthApplication        : Started CineverseAuthApplication in 37.977 seconds (process running for 38.919)
2026-06-18T00:23:02.203+05:30  INFO 4616 --- [auth-service] [nio-8081-exec-1] o.a.c.c.C.[Tomcat].[localhost].[/]       : Initializing Spring DispatcherServlet 'dispatcherServlet'
2026-06-18T00:23:02.208+05:30  INFO 4616 --- [auth-service] [nio-8081-exec-1] o.s.web.servlet.DispatcherServlet        : Initializing Servlet 'dispatcherServlet'
2026-06-18T00:23:02.219+05:30  INFO 4616 --- [auth-service] [nio-8081-exec-1] o.s.web.servlet.DispatcherServlet        : Completed initialization in 11 ms
Hibernate: select u1_0.id,u1_0.email,u1_0.name,u1_0.password,u1_0.role from users u1_0 where u1_0.email=?
2026-06-18T00:23:02.938+05:30  WARN 4616 --- [auth-service] [nio-8081-exec-1] com.zaxxer.hikari.pool.PoolBase          : HikariPool-1 - Failed to validate connection org.postgresql.jdbc.PgConnection@1ffd0114 (This connection has been closed.). Possibly consider using a shorter maxLifetime value.
2026-06-18T00:23:02.938+05:30  WARN 4616 --- [auth-service] [nio-8081-exec-1] com.zaxxer.hikari.pool.PoolBase          : HikariPool-1 - Failed to validate connection org.postgresql.jdbc.PgConnection@67fb6199 (This connection has been closed.). Possibly consider using a shorter maxLifetime value.
2026-06-18T00:23:02.949+05:30  WARN 4616 --- [auth-service] [nio-8081-exec-1] com.zaxxer.hikari.pool.PoolBase          : HikariPool-1 - Failed to validate connection org.postgresql.jdbc.PgConnection@37524d8e (This connection has been closed.). Possibly consider using a shorter maxLifetime value.
2026-06-18T00:23:02.954+05:30  WARN 4616 --- [auth-service] [nio-8081-exec-1] com.zaxxer.hikari.pool.PoolBase          : HikariPool-1 - Failed to validate connection org.postgresql.jdbc.PgConnection@40140e3b (This connection has been closed.). Possibly consider using a shorter maxLifetime value.
2026-06-18T00:23:02.956+05:30  WARN 4616 --- [auth-service] [nio-8081-exec-1] com.zaxxer.hikari.pool.PoolBase          : HikariPool-1 - Failed to validate connection org.postgresql.jdbc.PgConnection@56740450 (This connection has been closed.). Possibly consider using a shorter maxLifetime value.
2026-06-18T00:23:02.959+05:30  WARN 4616 --- [auth-service] [nio-8081-exec-1] com.zaxxer.hikari.pool.PoolBase          : HikariPool-1 - Failed to validate connection org.postgresql.jdbc.PgConnection@6a3f50ae (This connection has been closed.). Possibly consider using a shorter maxLifetime value.
2026-06-18T00:23:02.961+05:30  WARN 4616 --- [auth-service] [nio-8081-exec-1] com.zaxxer.hikari.pool.PoolBase          : HikariPool-1 - Failed to validate connection org.postgresql.jdbc.PgConnection@4f244e5a (This connection has been closed.). Possibly consider using a shorter maxLifetime value.
2026-06-18T00:23:02.964+05:30  WARN 4616 --- [auth-service] [nio-8081-exec-1] com.zaxxer.hikari.pool.PoolBase          : HikariPool-1 - Failed to validate connection org.postgresql.jdbc.PgConnection@2f21e453 (This connection has been closed.). Possibly consider using a shorter maxLifetime value.
2026-06-18T00:23:02.966+05:30  WARN 4616 --- [auth-service] [nio-8081-exec-1] com.zaxxer.hikari.pool.PoolBase          : HikariPool-1 - Failed to validate connection org.postgresql.jdbc.PgConnection@59812363 (This connection has been closed.). Possibly consider using a shorter maxLifetime value.
2026-06-18T00:23:02.967+05:30  WARN 4616 --- [auth-service] [nio-8081-exec-1] com.zaxxer.hikari.pool.PoolBase          : HikariPool-1 - Failed to validate connection org.postgresql.jdbc.PgConnection@492bb2dd (This connection has been closed.). Possibly consider using a shorter maxLifetime value.
Hibernate: insert into users (email,name,password,role) values (?,?,?,?)
Hibernate: select u1_0.id,u1_0.email,u1_0.name,u1_0.password,u1_0.role from users u1_0 where u1_0.email=?
Hibernate: select u1_0.id,u1_0.email,u1_0.name,u1_0.password,u1_0.role from users u1_0 where u1_0.email=?
Hibernate: select u1_0.id,u1_0.email,u1_0.name,u1_0.password,u1_0.role from users u1_0 where u1_0.email=?
Hibernate: select u1_0.id,u1_0.email,u1_0.name,u1_0.password,u1_0.role from users u1_0 where u1_0.email=?
Hibernate: select u1_0.id,u1_0.email,u1_0.name,u1_0.password,u1_0.role from users u1_0 where u1_0.email=?
